In sbt, it fails after clean, then succeeds subsequently (on editing the test file). I see the same behavior using a Java annotation or ClassfileAnnotation, and also after putting the macro and test in different subprojects.
```scala
> clean
[success] Total time: 0 s, completed Apr 15, 2016 9:51:14 AM
> ~ test
[info] Updating {file:/home/apm/tmp/sandbox-one/}sandbox...
[info] Resolving jline#jline;2.12.1 ...
[info] Done updating.
[info] Compiling 1 Scala source to /home/apm/tmp/sandbox-one/target/scala-2.11/classes...
[info] Compiling 4 Scala sources and 1 Java source to /home/apm/tmp/sandbox-one/target/scala-2.11/test-classes...
[info] SandboxSpec:
[info] - Test 1
[info] - Test 2 *** FAILED ***
[info]   0 did not equal 1 (SandboxSpec.scala:16)
[info] Run completed in 249 milliseconds.
[info] Total number of tests run: 2
[info] Suites: completed 1, aborted 0
[info] Tests: succeeded 1, failed 1, canceled 0, ignored 0, pending 0
[info] *** 1 TEST FAILED ***
[error] Failed tests:
[error] 	sandbox.SandboxSpec
[error] (test:test) sbt.TestsFailedException: Tests unsuccessful
[error] Total time: 6 s, completed Apr 15, 2016 9:51:24 AM
1. Waiting for source changes... (press enter to interrupt)
[info] Compiling 1 Scala source to /home/apm/tmp/sandbox-one/target/scala-2.11/test-classes...
[info] SandboxSpec:
[info] - Test 1
[info] - Test 2
[info] - Dummy
[info] Run completed in 137 milliseconds.
[info] Total number of tests run: 3
[info] Suites: completed 1, aborted 0
[info] Tests: succeeded 3, failed 0, canceled 0, ignored 0, pending 0
[info] All tests passed.
[success] Total time: 2 s, completed Apr 15, 2016 9:51:33 AM
```
