{code}
testing: [...]/files/pos/bug229.scala                                 [FAILED]
error: error while loading ArrayList$$ListItr, class file '/home/linuxsoft/apps/java-1.7.0-ea-b24/jre/lib/rt.jar(java/util/ArrayList$$ListItr.class)' is broken
(key not found: E)
error: error while loading AbstractList$$ListItr, class file '/home/linuxsoft/apps/java-1.7.0-ea-b24/jre/lib/rt.jar(java/util/AbstractList$$ListItr.class)' is broken
(key not found: E)
error: error while loading ArrayList$$Itr, class file '/home/linuxsoft/apps/java-1.7.0-ea-b24/jre/lib/rt.jar(java/util/ArrayList$$Itr.class)' is broken
(key not found: E)
error: error while loading AbstractList$$Itr, class file '/home/linuxsoft/apps/java-1.7.0-ea-b24/jre/lib/rt.jar(java/util/AbstractList$$Itr.class)' is broken
(key not found: E)
four errors found
{code}
The test has been moved to pending for now.  Something Martin changed in r14134 is causing this.
