This problem may be specific to Windows (which does not permit *:* in filenames)

{code}
object O {
    object i_::
}
{code}

{code}
C:\...> scaladoc O.scala
Exception in thread "main" java.io.FileNotFoundException: .\O$$object.i_::$$object
.html (The parameter is incorrect)
        at java.io.FileOutputStream.open(Native Method)
        at java.io.FileOutputStream.<init>(FileOutputStream.java:179)
        at java.io.FileOutputStream.<init>(FileOutputStream.java:131)
        at java.io.FileWriter.<init>(FileWriter.java:73)
        at scala.tools.nsc.doc.ModelFrames$$Frame.save(ModelFrames.scala:92)
        at scala.tools.nsc.doc.ModelFrames$$Frame.<init>(ModelFrames.scala:69)
        at scala.tools.nsc.doc.ModelFrames$$ClassContentFrame.<init>(ModelFrames.
scala:273)
        at scala.tools.nsc.doc.DefaultDocDriver$$$$anonfun$$process$$3$$$$anonfun$$appl
y$$4$$$$anon$$7.<init>(DefaultDocDriver.scala:158)
        at scala.tools.nsc.doc.DefaultDocDriver$$$$anonfun$$process$$3$$$$anonfun$$appl
y$$4.apply(DefaultDocDriver.scala:158)
        at scala.tools.nsc.doc.DefaultDocDriver$$$$anonfun$$process$$3$$$$anonfun$$appl
y$$4.apply(DefaultDocDriver.scala:157)
        at scala.Iterator$$class.foreach(Iterator.scala:395)
        at scala.collection.jcl.MutableIterator$$Wrapper.foreach(MutableIterator.
scala:14)
        at scala.Iterable$$class.foreach(Iterable.scala:256)
        at scala.collection.jcl.LinkedHashSet.foreach(LinkedHashSet.scala:18)
        at scala.tools.nsc.doc.DefaultDocDriver$$$$anonfun$$process$$3.apply(Default
DocDriver.scala:157)
        at scala.tools.nsc.doc.DefaultDocDriver$$$$anonfun$$process$$3.apply(Default
DocDriver.scala:145)
        at scala.Iterator$$class.foreach(Iterator.scala:395)
        at scala.collection.jcl.MapWrapper$$IteratorWrapper.foreach(MapWrapper.sc
ala:49)
        at scala.Iterable$$class.foreach(Iterable.scala:256)
        at scala.collection.jcl.LinkedHashMap.foreach(LinkedHashMap.scala:18)
        at scala.tools.nsc.doc.DefaultDocDriver.process(DefaultDocDriver.scala:1
45)
        at scala.tools.nsc.ScalaDoc$$.process(ScalaDoc.scala:75)
        at scala.tools.nsc.ScalaDoc$$.main(ScalaDoc.scala:88)
        at scala.tools.nsc.ScalaDoc.main(ScalaDoc.scala)
{code}

The problem occurs when running _ant dist_ on Scala trunk (R14555)

{code}
...
docs:
    [mkdir] Created dir: c:\svn\scala\trunk\scala\build\api-library
 [quickdoc] Documenting 538 source files to c:\svn\scala\trunk\scala\build\api-l
ibrary
 [quickdoc] java.io.FileNotFoundException: c:\svn\scala\trunk\scala\build\api-li
brary\scala\Stream$$object.lazy_::$$object.html (The parameter is incorrect)
 [quickdoc]     at java.io.FileOutputStream.open(Native Method)
 [quickdoc]     at java.io.FileOutputStream.<init>(FileOutputStream.java:179)
 [quickdoc]     at java.io.FileOutputStream.<init>(FileOutputStream.java:131)
 [quickdoc]     at java.io.FileWriter.<init>(FileWriter.java:73)
 [quickdoc]     at scala.tools.nsc.doc.ModelFrames$$Frame.save(ModelFrames.scala:
92)
 [quickdoc]     at scala.tools.nsc.doc.ModelFrames$$Frame.<init>(ModelFrames.scal
a:69)
 [quickdoc]     at scala.tools.nsc.doc.ModelFrames$$ClassContentFrame.<init>(Mode
lFrames.scala:273)
 [quickdoc]     at scala.tools.nsc.doc.DefaultDocDriver$$$$anonfun$$process$$3$$$$anon
fun$$apply$$4$$$$anon$$7.<init>(DefaultDocDriver.scala:158)
 [quickdoc]     at scala.tools.nsc.doc.DefaultDocDriver$$$$anonfun$$process$$3$$$$anon
fun$$apply$$4.apply(DefaultDocDriver.scala:158)
 [quickdoc]     at scala.tools.nsc.doc.DefaultDocDriver$$$$anonfun$$process$$3$$$$anon
fun$$apply$$4.apply(DefaultDocDriver.scala:157)
 [quickdoc]     at scala.Iterator$$class.foreach(Iterator.scala:395)
 [quickdoc]     at scala.collection.jcl.MutableIterator$$Wrapper.foreach(MutableI
terator.scala:14)
 [quickdoc]     at scala.Iterable$$class.foreach(Iterable.scala:256)
 [quickdoc]     at scala.collection.jcl.LinkedHashSet.foreach(LinkedHashSet.scal
a:18)
 [quickdoc]     at scala.tools.nsc.doc.DefaultDocDriver$$$$anonfun$$process$$3.apply
(DefaultDocDriver.scala:157)
 [quickdoc]     at scala.tools.nsc.doc.DefaultDocDriver$$$$anonfun$$process$$3.apply
(DefaultDocDriver.scala:145)
 [quickdoc]     at scala.Iterator$$class.foreach(Iterator.scala:395)
 [quickdoc]     at scala.collection.jcl.MapWrapper$$IteratorWrapper.foreach(MapWr
apper.scala:49)
 [quickdoc]     at scala.Iterable$$class.foreach(Iterable.scala:256)
 [quickdoc]     at scala.collection.jcl.LinkedHashMap.foreach(LinkedHashMap.scal
a:18)
 [quickdoc]     at scala.tools.nsc.doc.DefaultDocDriver.process(DefaultDocDriver
.scala:145)
 [quickdoc]     at scala.tools.ant.Scaladoc.execute(Scaladoc.scala:580)
 [quickdoc]     at org.apache.tools.ant.UnknownElement.execute(UnknownElement.ja
va:288)
 [quickdoc]     at sun.reflect.GeneratedMethodAccessor21.invoke(Unknown Source)
 [quickdoc]     at sun.reflect.DelegatingMethodAccessorImpl.invoke(DelegatingMet
hodAccessorImpl.java:25)
 [quickdoc]     at java.lang.reflect.Method.invoke(Method.java:585)
 [quickdoc]     at org.apache.tools.ant.dispatch.DispatchUtils.execute(DispatchU
tils.java:105)
 [quickdoc]     at org.apache.tools.ant.Task.perform(Task.java:348)
 [quickdoc]     at org.apache.tools.ant.Target.execute(Target.java:357)
 [quickdoc]     at org.apache.tools.ant.Target.performTasks(Target.java:385)
 [quickdoc]     at org.apache.tools.ant.Project.executeSortedTargets(Project.jav
a:1329)
 [quickdoc]     at org.apache.tools.ant.Project.executeTarget(Project.java:1298)

 [quickdoc]     at org.apache.tools.ant.helper.DefaultExecutor.executeTargets(De
faultExecutor.java:41)
 [quickdoc]     at org.apache.tools.ant.Project.executeTargets(Project.java:1181
)
 [quickdoc]     at org.apache.tools.ant.Main.runBuild(Main.java:698)
 [quickdoc]     at org.apache.tools.ant.Main.startAnt(Main.java:199)
 [quickdoc]     at org.apache.tools.ant.launch.Launcher.run(Launcher.java:257)
 [quickdoc]     at org.apache.tools.ant.launch.Launcher.main(Launcher.java:104)

BUILD FAILED
c:\svn\scala\trunk\scala\build.xml:1524: Document failed because of an internal
documenter error (c:\svn\scala\trunk\scala\build\api-library\scala\Stream$$object
.lazy_::$$object.html (The parameter is incorrect)); see the error output for det
ails.
{code}
