Please also modify the test/file/pos/attributes.scala, which can not pass test now, print:
{code}
  [partest] testing: [...]/files/pos/attributes.scala                             [FAILED]
  [partest] attributes.scala:40: error: values cannot be volatile
  [partest]   @serializable @volatile  val x2 = new C2;
  [partest]                                ^
  [partest] attributes.scala:41: error: values cannot be volatile
  [partest]   @serializable @volatile  val x3 = new C3;
  [partest]                                ^
  [partest] attributes.scala:42: error: values cannot be volatile
  [partest]   @serializable @volatile @serializable  val x4 = new C4;
  [partest]                                              ^
  [partest] three errors found
{code}
