```
testing: [...]/files/run/Meter.scala                                  [FAILED]
testing: [...]/files/run/MeterCaseClass.scala                         [FAILED]
...
```
